<?xml version="1.0" encoding="UTF-8"?>
<!-- Generated by org.testng.reporters.JUnitReportReporter -->
<testsuite hostname="Chenna" failures="0" tests="5" name="com.test.TestCases" time="0.012" errors="0" timestamp="2023-11-04T10:45:23 IST" skipped="0">
  <testcase classname="com.test.TestCases" name="testCase3" time="0.000"/>
  <testcase classname="com.test.TestCases" name="testCase4" time="0.000"/>
  <testcase classname="com.test.TestCases" name="testCase1" time="0.010"/>
  <testcase classname="com.test.TestCases" name="testCase2" time="0.001"/>
  <testcase classname="com.test.TestCases" name="testCase5" time="0.001"/>
</testsuite> <!-- com.test.TestCases -->
